2017-11-29 16:39:55,529 [WARN] from application in play-dev-mode-akka.actor.default-dispatcher-6 - application.conf @ file:/Library/WebServer/Documents/scala/payu2.0/Phoenix/payu2.0/target/scala-2.12/classes/application.conf: 43: play.crypto.secret is deprecated, use play.http.secret.key instead
2017-11-29 16:39:56,114 [INFO] from play.api.http.EnabledFilters in play-dev-mode-akka.actor.default-dispatcher-6 - Enabled Filters (see <https://www.playframework.com/documentation/latest/Filters>):

    play.filters.csrf.CSRFFilter
    play.filters.headers.SecurityHeadersFilter
    play.filters.hosts.AllowedHostsFilter

2017-11-29 16:39:56,123 [INFO] from play.api.Play in play-dev-mode-akka.actor.default-dispatcher-6 - Application started (Dev)
2017-11-29 16:39:56,127 [WARN] from application in play-dev-mode-akka.actor.default-dispatcher-6 - application.conf @ file:/Library/WebServer/Documents/scala/payu2.0/Phoenix/payu2.0/target/scala-2.12/classes/application.conf: 43: play.crypto.secret is deprecated, use play.http.secret.key instead
2017-11-29 16:39:56,605 [INFO] from application in play-dev-mode-akka.actor.default-dispatcher-6 - CVVFormat1 4386Visa1757(16) _email_ 
2017-11-29 16:39:56,606 [ERROR] from application in play-dev-mode-akka.actor.default-dispatcher-6 - Exception occurred, ErrorCode: 2 Message : test exception
2017-11-29 16:39:56,610 [ERROR] from application in play-dev-mode-akka.actor.default-dispatcher-6 - Payu exception occurred, ErrorCode: 4 Message : fail
2017-11-29 16:42:18,490 [WARN] from application in play-dev-mode-akka.actor.default-dispatcher-9 - application.conf @ file:/Library/WebServer/Documents/scala/payu2.0/Phoenix/payu2.0/target/scala-2.12/classes/application.conf: 43: play.crypto.secret is deprecated, use play.http.secret.key instead
2017-11-29 16:42:18,663 [INFO] from play.api.http.EnabledFilters in play-dev-mode-akka.actor.default-dispatcher-9 - Enabled Filters (see <https://www.playframework.com/documentation/latest/Filters>):

    play.filters.csrf.CSRFFilter
    play.filters.headers.SecurityHeadersFilter
    play.filters.hosts.AllowedHostsFilter

2017-11-29 16:42:18,664 [INFO] from play.api.Play in play-dev-mode-akka.actor.default-dispatcher-9 - Application started (Dev)
2017-11-29 16:42:18,668 [WARN] from application in play-dev-mode-akka.actor.default-dispatcher-9 - application.conf @ file:/Library/WebServer/Documents/scala/payu2.0/Phoenix/payu2.0/target/scala-2.12/classes/application.conf: 43: play.crypto.secret is deprecated, use play.http.secret.key instead
2017-11-29 16:42:18,696 [INFO] from application in play-dev-mode-akka.actor.default-dispatcher-9 - CVVFormat1 4386Visa1757(16) _email_ 
2017-11-29 16:42:18,697 [ERROR] from application in play-dev-mode-akka.actor.default-dispatcher-9 - Exception occurred, ErrorCode: 0 Message : 
2017-11-29 16:42:18,698 [ERROR] from application in play-dev-mode-akka.actor.default-dispatcher-9 - Payu exception occurred, ErrorCode: 4 Message : fail
2017-11-29 16:43:15,218 [WARN] from application in play-dev-mode-akka.actor.default-dispatcher-8 - application.conf @ file:/Library/WebServer/Documents/scala/payu2.0/Phoenix/payu2.0/target/scala-2.12/classes/application.conf: 43: play.crypto.secret is deprecated, use play.http.secret.key instead
2017-11-29 16:43:15,235 [INFO] from application in play-dev-mode-akka.actor.default-dispatcher-8 - CVVFormat1 4386Visa1757(16) _email_ 
2017-11-29 16:43:15,235 [ERROR] from application in play-dev-mode-akka.actor.default-dispatcher-8 - Payu exception occurred, ErrorCode: 4 Message : fail
2017-11-29 16:55:02,424 [ERROR] from application in play-dev-mode-akka.actor.default-dispatcher-14 - 

! @766a4ea5j - Internal server error, for (GET) [/] ->
 
play.sbt.PlayExceptions$CompilationException: Compilation error[missing argument list for method errorCode in trait AppException
Unapplied methods are only converted to functions when a function type is expected.
You can make this conversion explicit by writing `errorCode _` or `errorCode(_)` instead of `errorCode`.]
	at play.sbt.PlayExceptions$CompilationException$.apply(PlayExceptions.scala:27)
	at play.sbt.PlayExceptions$CompilationException$.apply(PlayExceptions.scala:27)
	at scala.Option.map(Option.scala:145)
	at play.sbt.run.PlayReload$$anonfun$taskFailureHandler$1.apply(PlayReload.scala:49)
	at play.sbt.run.PlayReload$$anonfun$taskFailureHandler$1.apply(PlayReload.scala:44)
	at scala.Option.map(Option.scala:145)
	at play.sbt.run.PlayReload$.taskFailureHandler(PlayReload.scala:44)
	at play.sbt.run.PlayReload$.compileFailure(PlayReload.scala:40)
	at play.sbt.run.PlayReload$$anonfun$compile$1.apply(PlayReload.scala:17)
	at play.sbt.run.PlayReload$$anonfun$compile$1.apply(PlayReload.scala:17)
	at scala.util.Either$LeftProjection.map(Either.scala:377)
	at play.sbt.run.PlayReload$.compile(PlayReload.scala:17)
	at play.sbt.run.PlayRun$$anonfun$playRunTask$1$$anonfun$apply$2$$anonfun$apply$3$$anonfun$3.apply(PlayRun.scala:71)
	at play.sbt.run.PlayRun$$anonfun$playRunTask$1$$anonfun$apply$2$$anonfun$apply$3$$anonfun$3.apply(PlayRun.scala:71)
	at play.runsupport.Reloader$$anonfun$reload$1.apply(Reloader.scala:413)
	at play.runsupport.Reloader$$anon$5.run(Reloader.scala:51)
	at java.security.AccessController.doPrivileged(Native Method)
	at play.runsupport.Reloader$.play$runsupport$Reloader$$withReloaderContextClassLoader(Reloader.scala:47)
	at play.runsupport.Reloader.reload(Reloader.scala:411)
	at play.core.server.DevServerStart$$anon$1.get(DevServerStart.scala:123)
	at play.core.server.Server.getHandlerFor(Server.scala:63)
	at play.core.server.Server.getHandlerFor$(Server.scala:48)
	at play.core.server.AkkaHttpServer.getHandlerFor(AkkaHttpServer.scala:41)
	at play.core.server.AkkaHttpServer.getHandler(AkkaHttpServer.scala:214)
	at play.core.server.AkkaHttpServer.handleRequest(AkkaHttpServer.scala:194)
	at play.core.server.AkkaHttpServer.$anonfun$createServerBinding$3(AkkaHttpServer.scala:106)
	at akka.stream.impl.fusing.MapAsync$$anon$23.onPush(Ops.scala:1172)
	at akka.stream.impl.fusing.GraphInterpreter.processPush(GraphInterpreter.scala:499)
	at akka.stream.impl.fusing.GraphInterpreter.processEvent(GraphInterpreter.scala:462)
	at akka.stream.impl.fusing.GraphInterpreter.execute(GraphInterpreter.scala:368)
	at akka.stream.impl.fusing.GraphInterpreterShell.runBatch(ActorGraphInterpreter.scala:571)
	at akka.stream.impl.fusing.GraphInterpreterShell$AsyncInput.execute(ActorGraphInterpreter.scala:457)
	at akka.stream.impl.fusing.GraphInterpreterShell.processEvent(ActorGraphInterpreter.scala:546)
	at akka.stream.impl.fusing.ActorGraphInterpreter.akka$stream$impl$fusing$ActorGraphInterpreter$$processEvent(ActorGraphInterpreter.scala:728)
	at akka.stream.impl.fusing.ActorGraphInterpreter$$anonfun$receive$1.applyOrElse(ActorGraphInterpreter.scala:743)
	at akka.actor.Actor.aroundReceive(Actor.scala:517)
	at akka.actor.Actor.aroundReceive$(Actor.scala:515)
	at akka.stream.impl.fusing.ActorGraphInterpreter.aroundReceive(ActorGraphInterpreter.scala:653)
	at akka.actor.ActorCell.receiveMessage(ActorCell.scala:527)
	at akka.actor.ActorCell.invoke(ActorCell.scala:496)
	at akka.dispatch.Mailbox.processMailbox(Mailbox.scala:257)
	at akka.dispatch.Mailbox.run(Mailbox.scala:224)
	at akka.dispatch.Mailbox.exec(Mailbox.scala:234)
	at akka.dispatch.forkjoin.ForkJoinTask.doExec(ForkJoinTask.java:260)
	at akka.dispatch.forkjoin.ForkJoinPool$WorkQueue.runTask(ForkJoinPool.java:1339)
	at akka.dispatch.forkjoin.ForkJoinPool.runWorker(ForkJoinPool.java:1979)
	at akka.dispatch.forkjoin.ForkJoinWorkerThread.run(ForkJoinWorkerThread.java:107)
2017-11-29 17:07:19,667 [WARN] from application in play-dev-mode-akka.actor.default-dispatcher-19 - application.conf @ file:/Library/WebServer/Documents/scala/payu2.0/Phoenix/payu2.0/target/scala-2.12/classes/application.conf: 43: play.crypto.secret is deprecated, use play.http.secret.key instead
2017-11-29 17:07:19,820 [INFO] from play.api.http.EnabledFilters in play-dev-mode-akka.actor.default-dispatcher-19 - Enabled Filters (see <https://www.playframework.com/documentation/latest/Filters>):

    play.filters.csrf.CSRFFilter
    play.filters.headers.SecurityHeadersFilter
    play.filters.hosts.AllowedHostsFilter

2017-11-29 17:07:19,820 [INFO] from play.api.Play in play-dev-mode-akka.actor.default-dispatcher-19 - Application started (Dev)
2017-11-29 17:07:19,822 [WARN] from application in play-dev-mode-akka.actor.default-dispatcher-19 - application.conf @ file:/Library/WebServer/Documents/scala/payu2.0/Phoenix/payu2.0/target/scala-2.12/classes/application.conf: 43: play.crypto.secret is deprecated, use play.http.secret.key instead
2017-11-29 17:07:19,855 [INFO] from application in play-dev-mode-akka.actor.default-dispatcher-19 - CVVFormat1 4386Visa1757(16) _email_ 
2017-11-29 17:07:19,856 [ERROR] from application in play-dev-mode-akka.actor.default-dispatcher-19 - Payu exception occurred, ErrorCode: 1 Message : 2
2017-11-29 17:52:29,797 [ERROR] from application in play-dev-mode-akka.actor.default-dispatcher-25 - 

! @766ac2doi - Internal server error, for (GET) [/] ->
 
play.sbt.PlayExceptions$CompilationException: Compilation error[value errorCode is not a member of object exception.AuthFailException]
	at play.sbt.PlayExceptions$CompilationException$.apply(PlayExceptions.scala:27)
	at play.sbt.PlayExceptions$CompilationException$.apply(PlayExceptions.scala:27)
	at scala.Option.map(Option.scala:145)
	at play.sbt.run.PlayReload$$anonfun$taskFailureHandler$1.apply(PlayReload.scala:49)
	at play.sbt.run.PlayReload$$anonfun$taskFailureHandler$1.apply(PlayReload.scala:44)
	at scala.Option.map(Option.scala:145)
	at play.sbt.run.PlayReload$.taskFailureHandler(PlayReload.scala:44)
	at play.sbt.run.PlayReload$.compileFailure(PlayReload.scala:40)
	at play.sbt.run.PlayReload$$anonfun$compile$1.apply(PlayReload.scala:17)
	at play.sbt.run.PlayReload$$anonfun$compile$1.apply(PlayReload.scala:17)
	at scala.util.Either$LeftProjection.map(Either.scala:377)
	at play.sbt.run.PlayReload$.compile(PlayReload.scala:17)
	at play.sbt.run.PlayRun$$anonfun$playRunTask$1$$anonfun$apply$2$$anonfun$apply$3$$anonfun$3.apply(PlayRun.scala:71)
	at play.sbt.run.PlayRun$$anonfun$playRunTask$1$$anonfun$apply$2$$anonfun$apply$3$$anonfun$3.apply(PlayRun.scala:71)
	at play.runsupport.Reloader$$anonfun$reload$1.apply(Reloader.scala:413)
	at play.runsupport.Reloader$$anon$5.run(Reloader.scala:51)
	at java.security.AccessController.doPrivileged(Native Method)
	at play.runsupport.Reloader$.play$runsupport$Reloader$$withReloaderContextClassLoader(Reloader.scala:47)
	at play.runsupport.Reloader.reload(Reloader.scala:411)
	at play.core.server.DevServerStart$$anon$1.get(DevServerStart.scala:123)
	at play.core.server.Server.getHandlerFor(Server.scala:63)
	at play.core.server.Server.getHandlerFor$(Server.scala:48)
	at play.core.server.AkkaHttpServer.getHandlerFor(AkkaHttpServer.scala:41)
	at play.core.server.AkkaHttpServer.getHandler(AkkaHttpServer.scala:214)
	at play.core.server.AkkaHttpServer.handleRequest(AkkaHttpServer.scala:194)
	at play.core.server.AkkaHttpServer.$anonfun$createServerBinding$3(AkkaHttpServer.scala:106)
	at akka.stream.impl.fusing.MapAsync$$anon$23.onPush(Ops.scala:1172)
	at akka.stream.impl.fusing.GraphInterpreter.processPush(GraphInterpreter.scala:499)
	at akka.stream.impl.fusing.GraphInterpreter.processEvent(GraphInterpreter.scala:462)
	at akka.stream.impl.fusing.GraphInterpreter.execute(GraphInterpreter.scala:368)
	at akka.stream.impl.fusing.GraphInterpreterShell.runBatch(ActorGraphInterpreter.scala:571)
	at akka.stream.impl.fusing.GraphInterpreterShell$AsyncInput.execute(ActorGraphInterpreter.scala:457)
	at akka.stream.impl.fusing.GraphInterpreterShell.processEvent(ActorGraphInterpreter.scala:546)
	at akka.stream.impl.fusing.ActorGraphInterpreter.akka$stream$impl$fusing$ActorGraphInterpreter$$processEvent(ActorGraphInterpreter.scala:728)
	at akka.stream.impl.fusing.ActorGraphInterpreter$$anonfun$receive$1.applyOrElse(ActorGraphInterpreter.scala:743)
	at akka.actor.Actor.aroundReceive(Actor.scala:517)
	at akka.actor.Actor.aroundReceive$(Actor.scala:515)
	at akka.stream.impl.fusing.ActorGraphInterpreter.aroundReceive(ActorGraphInterpreter.scala:653)
	at akka.actor.ActorCell.receiveMessage(ActorCell.scala:527)
	at akka.actor.ActorCell.invoke(ActorCell.scala:496)
	at akka.dispatch.Mailbox.processMailbox(Mailbox.scala:257)
	at akka.dispatch.Mailbox.run(Mailbox.scala:224)
	at akka.dispatch.Mailbox.exec(Mailbox.scala:234)
	at akka.dispatch.forkjoin.ForkJoinTask.doExec(ForkJoinTask.java:260)
	at akka.dispatch.forkjoin.ForkJoinPool$WorkQueue.runTask(ForkJoinPool.java:1339)
	at akka.dispatch.forkjoin.ForkJoinPool.runWorker(ForkJoinPool.java:1979)
	at akka.dispatch.forkjoin.ForkJoinWorkerThread.run(ForkJoinWorkerThread.java:107)
2017-11-29 17:52:37,673 [WARN] from application in play-dev-mode-akka.actor.default-dispatcher-27 - application.conf @ file:/Library/WebServer/Documents/scala/payu2.0/Phoenix/payu2.0/target/scala-2.12/classes/application.conf: 43: play.crypto.secret is deprecated, use play.http.secret.key instead
2017-11-29 17:52:37,786 [INFO] from play.api.http.EnabledFilters in play-dev-mode-akka.actor.default-dispatcher-27 - Enabled Filters (see <https://www.playframework.com/documentation/latest/Filters>):

    play.filters.csrf.CSRFFilter
    play.filters.headers.SecurityHeadersFilter
    play.filters.hosts.AllowedHostsFilter

2017-11-29 17:52:37,787 [INFO] from play.api.Play in play-dev-mode-akka.actor.default-dispatcher-27 - Application started (Dev)
2017-11-29 17:52:37,789 [WARN] from application in play-dev-mode-akka.actor.default-dispatcher-27 - application.conf @ file:/Library/WebServer/Documents/scala/payu2.0/Phoenix/payu2.0/target/scala-2.12/classes/application.conf: 43: play.crypto.secret is deprecated, use play.http.secret.key instead
2017-11-29 17:52:37,815 [INFO] from application in play-dev-mode-akka.actor.default-dispatcher-27 - CVVFormat1 4386Visa1757(16) _email_ 
2017-11-29 17:52:49,675 [ERROR] from application in play-dev-mode-akka.actor.default-dispatcher-24 - 

! @766ac3h96 - Internal server error, for (GET) [/] ->
 
play.sbt.PlayExceptions$CompilationException: Compilation error[Cannot write an instance of views.html.index.type to HTTP response. Try to define a Writeable[views.html.index.type]]
	at play.sbt.PlayExceptions$CompilationException$.apply(PlayExceptions.scala:27)
	at play.sbt.PlayExceptions$CompilationException$.apply(PlayExceptions.scala:27)
	at scala.Option.map(Option.scala:145)
	at play.sbt.run.PlayReload$$anonfun$taskFailureHandler$1.apply(PlayReload.scala:49)
	at play.sbt.run.PlayReload$$anonfun$taskFailureHandler$1.apply(PlayReload.scala:44)
	at scala.Option.map(Option.scala:145)
	at play.sbt.run.PlayReload$.taskFailureHandler(PlayReload.scala:44)
	at play.sbt.run.PlayReload$.compileFailure(PlayReload.scala:40)
	at play.sbt.run.PlayReload$$anonfun$compile$1.apply(PlayReload.scala:17)
	at play.sbt.run.PlayReload$$anonfun$compile$1.apply(PlayReload.scala:17)
	at scala.util.Either$LeftProjection.map(Either.scala:377)
	at play.sbt.run.PlayReload$.compile(PlayReload.scala:17)
	at play.sbt.run.PlayRun$$anonfun$playRunTask$1$$anonfun$apply$2$$anonfun$apply$3$$anonfun$3.apply(PlayRun.scala:71)
	at play.sbt.run.PlayRun$$anonfun$playRunTask$1$$anonfun$apply$2$$anonfun$apply$3$$anonfun$3.apply(PlayRun.scala:71)
	at play.runsupport.Reloader$$anonfun$reload$1.apply(Reloader.scala:413)
	at play.runsupport.Reloader$$anon$5.run(Reloader.scala:51)
	at java.security.AccessController.doPrivileged(Native Method)
	at play.runsupport.Reloader$.play$runsupport$Reloader$$withReloaderContextClassLoader(Reloader.scala:47)
	at play.runsupport.Reloader.reload(Reloader.scala:411)
	at play.core.server.DevServerStart$$anon$1.get(DevServerStart.scala:123)
	at play.core.server.Server.getHandlerFor(Server.scala:63)
	at play.core.server.Server.getHandlerFor$(Server.scala:48)
	at play.core.server.AkkaHttpServer.getHandlerFor(AkkaHttpServer.scala:41)
	at play.core.server.AkkaHttpServer.getHandler(AkkaHttpServer.scala:214)
	at play.core.server.AkkaHttpServer.handleRequest(AkkaHttpServer.scala:194)
	at play.core.server.AkkaHttpServer.$anonfun$createServerBinding$3(AkkaHttpServer.scala:106)
	at akka.stream.impl.fusing.MapAsync$$anon$23.onPush(Ops.scala:1172)
	at akka.stream.impl.fusing.GraphInterpreter.processPush(GraphInterpreter.scala:499)
	at akka.stream.impl.fusing.GraphInterpreter.processEvent(GraphInterpreter.scala:462)
	at akka.stream.impl.fusing.GraphInterpreter.execute(GraphInterpreter.scala:368)
	at akka.stream.impl.fusing.GraphInterpreterShell.runBatch(ActorGraphInterpreter.scala:571)
	at akka.stream.impl.fusing.GraphInterpreterShell$AsyncInput.execute(ActorGraphInterpreter.scala:457)
	at akka.stream.impl.fusing.GraphInterpreterShell.processEvent(ActorGraphInterpreter.scala:546)
	at akka.stream.impl.fusing.ActorGraphInterpreter.akka$stream$impl$fusing$ActorGraphInterpreter$$processEvent(ActorGraphInterpreter.scala:728)
	at akka.stream.impl.fusing.ActorGraphInterpreter$$anonfun$receive$1.applyOrElse(ActorGraphInterpreter.scala:743)
	at akka.actor.Actor.aroundReceive(Actor.scala:517)
	at akka.actor.Actor.aroundReceive$(Actor.scala:515)
	at akka.stream.impl.fusing.ActorGraphInterpreter.aroundReceive(ActorGraphInterpreter.scala:653)
	at akka.actor.ActorCell.receiveMessage(ActorCell.scala:527)
	at akka.actor.ActorCell.invoke(ActorCell.scala:496)
	at akka.dispatch.Mailbox.processMailbox(Mailbox.scala:257)
	at akka.dispatch.Mailbox.run(Mailbox.scala:224)
	at akka.dispatch.Mailbox.exec(Mailbox.scala:234)
	at akka.dispatch.forkjoin.ForkJoinTask.doExec(ForkJoinTask.java:260)
	at akka.dispatch.forkjoin.ForkJoinPool$WorkQueue.runTask(ForkJoinPool.java:1339)
	at akka.dispatch.forkjoin.ForkJoinPool.runWorker(ForkJoinPool.java:1979)
	at akka.dispatch.forkjoin.ForkJoinWorkerThread.run(ForkJoinWorkerThread.java:107)
2017-11-29 17:56:22,038 [WARN] from application in play-dev-mode-akka.actor.default-dispatcher-43 - application.conf @ file:/Library/WebServer/Documents/scala/payu2.0/Phoenix/payu2.0/target/scala-2.12/classes/application.conf: 43: play.crypto.secret is deprecated, use play.http.secret.key instead
2017-11-29 17:56:22,202 [INFO] from play.api.http.EnabledFilters in play-dev-mode-akka.actor.default-dispatcher-43 - Enabled Filters (see <https://www.playframework.com/documentation/latest/Filters>):

    play.filters.csrf.CSRFFilter
    play.filters.headers.SecurityHeadersFilter
    play.filters.hosts.AllowedHostsFilter

2017-11-29 17:56:22,203 [INFO] from play.api.Play in play-dev-mode-akka.actor.default-dispatcher-43 - Application started (Dev)
2017-11-29 17:56:22,209 [WARN] from application in play-dev-mode-akka.actor.default-dispatcher-43 - application.conf @ file:/Library/WebServer/Documents/scala/payu2.0/Phoenix/payu2.0/target/scala-2.12/classes/application.conf: 43: play.crypto.secret is deprecated, use play.http.secret.key instead
2017-11-29 17:56:22,264 [INFO] from application in play-dev-mode-akka.actor.default-dispatcher-43 - CVVFormat1 4386Visa1757(16) _email_ 
2017-11-29 17:56:59,577 [WARN] from application in play-dev-mode-akka.actor.default-dispatcher-26 - application.conf @ file:/Library/WebServer/Documents/scala/payu2.0/Phoenix/payu2.0/target/scala-2.12/classes/application.conf: 43: play.crypto.secret is deprecated, use play.http.secret.key instead
2017-11-29 17:56:59,709 [INFO] from play.api.http.EnabledFilters in play-dev-mode-akka.actor.default-dispatcher-26 - Enabled Filters (see <https://www.playframework.com/documentation/latest/Filters>):

    play.filters.csrf.CSRFFilter
    play.filters.headers.SecurityHeadersFilter
    play.filters.hosts.AllowedHostsFilter

2017-11-29 17:56:59,709 [INFO] from play.api.Play in play-dev-mode-akka.actor.default-dispatcher-26 - Application started (Dev)
2017-11-29 17:56:59,711 [WARN] from application in play-dev-mode-akka.actor.default-dispatcher-26 - application.conf @ file:/Library/WebServer/Documents/scala/payu2.0/Phoenix/payu2.0/target/scala-2.12/classes/application.conf: 43: play.crypto.secret is deprecated, use play.http.secret.key instead
2017-11-29 17:56:59,735 [INFO] from application in play-dev-mode-akka.actor.default-dispatcher-26 - CVVFormat1 4386Visa1757(16) _email_ 
2017-11-29 17:56:59,887 [WARN] from application in play-dev-mode-akka.actor.default-dispatcher-52 - application.conf @ file:/Library/WebServer/Documents/scala/payu2.0/Phoenix/payu2.0/target/scala-2.12/classes/application.conf: 43: play.crypto.secret is deprecated, use play.http.secret.key instead
2017-11-29 17:56:59,888 [WARN] from application in play-dev-mode-akka.actor.default-dispatcher-51 - application.conf @ file:/Library/WebServer/Documents/scala/payu2.0/Phoenix/payu2.0/target/scala-2.12/classes/application.conf: 43: play.crypto.secret is deprecated, use play.http.secret.key instead
2017-11-29 17:57:39,385 [WARN] from application in play-dev-mode-akka.actor.default-dispatcher-52 - application.conf @ file:/Library/WebServer/Documents/scala/payu2.0/Phoenix/payu2.0/target/scala-2.12/classes/application.conf: 43: play.crypto.secret is deprecated, use play.http.secret.key instead
2017-11-29 17:57:39,470 [INFO] from play.api.http.EnabledFilters in play-dev-mode-akka.actor.default-dispatcher-52 - Enabled Filters (see <https://www.playframework.com/documentation/latest/Filters>):

    play.filters.csrf.CSRFFilter
    play.filters.headers.SecurityHeadersFilter
    play.filters.hosts.AllowedHostsFilter

2017-11-29 17:57:39,470 [INFO] from play.api.Play in play-dev-mode-akka.actor.default-dispatcher-52 - Application started (Dev)
2017-11-29 17:57:39,472 [WARN] from application in play-dev-mode-akka.actor.default-dispatcher-52 - application.conf @ file:/Library/WebServer/Documents/scala/payu2.0/Phoenix/payu2.0/target/scala-2.12/classes/application.conf: 43: play.crypto.secret is deprecated, use play.http.secret.key instead
2017-11-29 17:57:39,497 [INFO] from application in play-dev-mode-akka.actor.default-dispatcher-52 - CVVFormat1 4386Visa1757(16) _email_ 
2017-11-29 17:58:58,723 [WARN] from application in play-dev-mode-akka.actor.default-dispatcher-52 - application.conf @ file:/Library/WebServer/Documents/scala/payu2.0/Phoenix/payu2.0/target/scala-2.12/classes/application.conf: 43: play.crypto.secret is deprecated, use play.http.secret.key instead
2017-11-29 17:58:58,908 [INFO] from play.api.http.EnabledFilters in play-dev-mode-akka.actor.default-dispatcher-52 - Enabled Filters (see <https://www.playframework.com/documentation/latest/Filters>):

    play.filters.csrf.CSRFFilter
    play.filters.headers.SecurityHeadersFilter
    play.filters.hosts.AllowedHostsFilter

2017-11-29 17:58:58,908 [INFO] from play.api.Play in play-dev-mode-akka.actor.default-dispatcher-52 - Application started (Dev)
2017-11-29 17:58:58,912 [WARN] from application in play-dev-mode-akka.actor.default-dispatcher-52 - application.conf @ file:/Library/WebServer/Documents/scala/payu2.0/Phoenix/payu2.0/target/scala-2.12/classes/application.conf: 43: play.crypto.secret is deprecated, use play.http.secret.key instead
2017-11-29 17:59:04,701 [WARN] from application in play-dev-mode-akka.actor.default-dispatcher-47 - application.conf @ file:/Library/WebServer/Documents/scala/payu2.0/Phoenix/payu2.0/target/scala-2.12/classes/application.conf: 43: play.crypto.secret is deprecated, use play.http.secret.key instead
2017-11-29 17:59:04,721 [INFO] from application in play-dev-mode-akka.actor.default-dispatcher-47 - CVVFormat1 4386Visa1757(16) _email_ 
2017-11-29 18:03:19,883 [WARN] from application in play-dev-mode-akka.actor.default-dispatcher-70 - application.conf @ file:/Library/WebServer/Documents/scala/payu2.0/Phoenix/payu2.0/target/scala-2.12/classes/application.conf: 43: play.crypto.secret is deprecated, use play.http.secret.key instead
2017-11-29 18:03:20,036 [INFO] from play.api.http.EnabledFilters in play-dev-mode-akka.actor.default-dispatcher-70 - Enabled Filters (see <https://www.playframework.com/documentation/latest/Filters>):

    play.filters.csrf.CSRFFilter
    play.filters.headers.SecurityHeadersFilter
    play.filters.hosts.AllowedHostsFilter

2017-11-29 18:03:20,036 [INFO] from play.api.Play in play-dev-mode-akka.actor.default-dispatcher-70 - Application started (Dev)
2017-11-29 18:03:20,038 [WARN] from application in play-dev-mode-akka.actor.default-dispatcher-70 - application.conf @ file:/Library/WebServer/Documents/scala/payu2.0/Phoenix/payu2.0/target/scala-2.12/classes/application.conf: 43: play.crypto.secret is deprecated, use play.http.secret.key instead
2017-11-29 18:03:20,071 [INFO] from application in play-dev-mode-akka.actor.default-dispatcher-70 - CVVFormat1 4386Visa1757(16) _email_ 
2017-11-29 18:03:20,072 [ERROR] from application in play-dev-mode-akka.actor.default-dispatcher-70 - Payu exception occurred, ErrorCode: 1 Message : 2
